<?xml version="1.0" encoding="UTF-8"?>
<!-- Generated by org.testng.reporters.JUnitReportReporter -->
<testsuite hostname="LAPTOP-PTT52QJ2" failures="0" tests="1" name="Scripts.TestCase2" time="15.618" errors="0" timestamp="2024-06-23T18:19:24 BST" skipped="0">
  <testcase classname="Scripts.TestCase2" name="tc2" time="15.618"/>
</testsuite> <!-- Scripts.TestCase2 -->
